#
# A fatal error has been detected by the Java Runtime Environment:
#
#  EXCEPTION_ACCESS_VIOLATION (0xc0000005) at pc=0x000000001c46ba49, pid=20628, tid=0x0000000000004f68
#
# JRE version: Java(TM) SE Runtime Environment (8.0_162-b12) (build 1.8.0_162-b12)
# Java VM: Java HotSpot(TM) 64-Bit Server VM (25.162-b12 mixed mode windows-amd64 compressed oops)
# Problematic frame:
# C  [swt-win32-4763.dll+0x5ba49]
#
# Failed to write core dump. Minidumps are not enabled by default on client versions of Windows
#
# If you would like to submit a bug report, please visit:
#   http://bugreport.java.com/bugreport/crash.jsp
# The crash happened outside the Java Virtual Machine in native code.
# See problematic frame for where to report the bug.
#

---------------  T H R E A D  ---------------

Current thread (0x0000000002b73000):  JavaThread "main" [_thread_in_native, id=20328, stack(0x0000000000f70000,0x0000000001070000)]

siginfo: ExceptionCode=0xc0000005, writing address 0x000000001c661000

Registers:
RAX=0x0000000000000040, RBX=0x000000078326eb20, RCX=0x000000001c661000, RDX=0x0000000766c0eb20
RSP=0x000000000106f358, RBP=0x000000001c660000, RSI=0x0000000002b731f8, RDI=0x000000000106f458
R8 =0x000000000002f000, R9 =0xfdfdfdffffffffff, R10=0xf6f6f8f8f8fafafa, R11=0x000000001c660000
R12=0x0000000000000000, R13=0x000000001989d4a0, R14=0x000000000106f468, R15=0x0000000002b73000
RIP=0x000000001c46ba49, EFLAGS=0x0000000000010206

Top of Stack: (sp=0x000000000106f358)
0x000000000106f358:   000000001c437594 0000000000000000
0x000000000106f368:   000000001c660000 0000000002b731f8
0x000000000106f378:   0000000000000000 0000000000000000
0x000000000106f388:   0000000002ce7e70 0000000020200021
0x000000000106f398:   000000000106f430 000000001989d4a0
0x000000000106f3a8:   0000000002cf8c67 0000000002b73000
0x000000000106f3b8:   0000000000000001 0000000000000001
0x000000000106f3c8:   000000007339c220 0000000000030000
0x000000000106f3d8:   0000000000000000 000000000106f468
0x000000000106f3e8:   000000001985cfe8 000000000106f3f0
0x000000000106f3f8:   0000000000000000 000000000106f468
0x000000000106f408:   000000001985cfe8 0000000000000000
0x000000000106f418:   000000001989d4a0 0000000000000000
0x000000000106f428:   000000000106f450 000000000106f4b0
0x000000000106f438:   0000000002ce835d 0000000781413df8
0x000000000106f448:   0000000002cf21d8 0000000000030000 

Instructions: (pc=0x000000001c46ba49)
0x000000001c46ba29:   48 81 c1 80 00 00 00 ff c8 75 ec 48 81 e9 00 10
0x000000001c46ba39:   00 00 b8 40 00 00 00 4c 8b 0c 0a 4c 8b 54 0a 08
0x000000001c46ba49:   4c 0f c3 09 4c 0f c3 51 08 4c 8b 4c 0a 10 4c 8b
0x000000001c46ba59:   54 0a 18 4c 0f c3 49 10 4c 0f c3 51 18 4c 8b 4c 


Register to memory mapping:

RAX=0x0000000000000040 is an unknown value
RBX=0x000000078326eb20 is an oop

[error occurred during error reporting (printing register info), id 0xc0000005]

Stack: [0x0000000000f70000,0x0000000001070000],  sp=0x000000000106f358,  free space=1020k
Native frames: (J=compiled Java code, j=interpreted, Vv=VM code, C=native code)
C  [swt-win32-4763.dll+0x5ba49]

Java frames: (J=compiled Java code, j=interpreted, Vv=VM code)
j  org.eclipse.swt.internal.win32.OS.MoveMemory(J[BI)V+0
j  org.eclipse.swt.graphics.Image.init(Lorg/eclipse/swt/graphics/Device;Lorg/eclipse/swt/graphics/Image;Lorg/eclipse/swt/graphics/ImageData;)[J+1409
j  org.eclipse.swt.graphics.Image.init(Lorg/eclipse/swt/graphics/ImageData;)V+14
j  org.eclipse.swt.graphics.Image.<init>(Lorg/eclipse/swt/graphics/Device;Lorg/eclipse/swt/graphics/ImageData;)V+59
j  com.home.swt.layout.SwtLayoutExap33.renderTreeData(Lorg/eclipse/swt/widgets/Tree;Lorg/eclipse/swt/widgets/Display;)V+74
j  com.home.swt.layout.SwtLayoutExap33.createContents(Lorg/eclipse/swt/widgets/Display;)V+280
j  com.home.swt.layout.SwtLayoutExap33.open()V+6
j  com.home.swt.layout.SwtLayoutExap33.main([Ljava/lang/String;)V+9
v  ~StubRoutines::call_stub

---------------  P R O C E S S  ---------------

Java Threads: ( => current thread )
  0x000000001b1af800 JavaThread "Service Thread" daemon [_thread_blocked, id=17928, stack(0x000000001ba10000,0x000000001bb10000)]
  0x000000001b150800 JavaThread "C1 CompilerThread2" daemon [_thread_blocked, id=21360, stack(0x000000001b910000,0x000000001ba10000)]
  0x000000001b11b800 JavaThread "C2 CompilerThread1" daemon [_thread_in_native, id=19488, stack(0x000000001b810000,0x000000001b910000)]
  0x0000000019d8d000 JavaThread "C2 CompilerThread0" daemon [_thread_blocked, id=21080, stack(0x000000001b710000,0x000000001b810000)]
  0x0000000019d2a000 JavaThread "Attach Listener" daemon [_thread_blocked, id=21240, stack(0x000000001b610000,0x000000001b710000)]
  0x000000001b118800 JavaThread "Signal Dispatcher" daemon [_thread_blocked, id=9024, stack(0x000000001b510000,0x000000001b610000)]
  0x0000000019d1a800 JavaThread "Finalizer" daemon [_thread_blocked, id=21356, stack(0x000000001afb0000,0x000000001b0b0000)]
  0x0000000002c63000 JavaThread "Reference Handler" daemon [_thread_blocked, id=11800, stack(0x000000001aeb0000,0x000000001afb0000)]
=>0x0000000002b73000 JavaThread "main" [_thread_in_native, id=20328, stack(0x0000000000f70000,0x0000000001070000)]

Other Threads:
  0x0000000019cf7000 VMThread [stack: 0x000000001adb0000,0x000000001aeb0000] [id=19692]
  0x000000001b1c4800 WatcherThread [stack: 0x000000001bb10000,0x000000001bc10000] [id=21224]

VM state:not at safepoint (normal execution)

VM Mutex/Monitor currently owned by a thread: None

Heap:
 PSYoungGen      total 56832K, used 41140K [0x0000000780b00000, 0x0000000784a00000, 0x00000007c0000000)
  eden space 49152K, 83% used [0x0000000780b00000,0x000000078332d0a8,0x0000000783b00000)
  from space 7680K, 0% used [0x0000000784280000,0x0000000784280000,0x0000000784a00000)
  to   space 7680K, 0% used [0x0000000783b00000,0x0000000783b00000,0x0000000784280000)
 ParOldGen       total 130048K, used 0K [0x0000000702000000, 0x0000000709f00000, 0x0000000780b00000)
  object space 130048K, 0% used [0x0000000702000000,0x0000000702000000,0x0000000709f00000)
 Metaspace       used 7767K, capacity 7908K, committed 8064K, reserved 1056768K
  class space    used 754K, capacity 830K, committed 896K, reserved 1048576K

Card table byte_map: [0x00000000120a0000,0x00000000126a0000] byte_map_base: 0x000000000e890000

Marking Bits: (ParMarkBitMap*) 0x0000000073a80860
 Begin Bits: [0x0000000012ea0000, 0x0000000015e20000)
 End Bits:   [0x0000000015e20000, 0x0000000018da0000)

Polling page: 0x0000000000c20000

CodeCache: size=245760Kb used=2491Kb max_used=2491Kb free=243268Kb
 bounds [0x0000000002ce0000, 0x0000000002f60000, 0x0000000011ce0000]
 total_blobs=1071 nmethods=599 adapters=385
 compilation: enabled

Compilation events (10 events):
Event: 0.738 Thread 0x000000001b150800  595       3       org.eclipse.swt.internal.image.JPEGDecoder::ycc_rgb_convert (237 bytes)
Event: 0.738 Thread 0x000000001b150800 nmethod 595 0x0000000002f49390 code [0x0000000002f49560, 0x0000000002f49d50]
Event: 0.738 Thread 0x000000001b150800  594       3       org.eclipse.swt.internal.image.JPEGDecoder::h2v2_fancy_upsample (347 bytes)
Event: 0.739 Thread 0x000000001b150800 nmethod 594 0x0000000002f44150 code [0x0000000002f44320, 0x0000000002f44b30]
Event: 0.739 Thread 0x000000001b150800  596       3       org.eclipse.swt.internal.image.JPEGDecoder::jpeg_huff_decode (156 bytes)
Event: 0.739 Thread 0x000000001b11b800  598       4       org.eclipse.swt.internal.image.JPEGDecoder::jpeg_idct_islow (1569 bytes)
Event: 0.739 Thread 0x000000001b150800 nmethod 596 0x0000000002f3f5d0 code [0x0000000002f3f780, 0x0000000002f3fc58]
Event: 0.739 Thread 0x000000001b150800  597 %     3       org.eclipse.swt.internal.image.JPEGDecoder::decompress_onepass @ 60 (409 bytes)
Event: 0.740 Thread 0x000000001b150800 nmethod 597% 0x0000000002f4b010 code [0x0000000002f4b240, 0x0000000002f4c208]
Event: 0.740 Thread 0x000000001b150800  599       3       org.eclipse.swt.internal.image.JPEGDecoder::decompress_onepass (409 bytes)

GC Heap History (0 events):
No events

Deoptimization events (2 events):
Event: 0.185 Thread 0x0000000002b73000 Uncommon trap: reason=unstable_if action=reinterpret pc=0x0000000002e000c4 method=java.lang.String.hashCode()I @ 14
Event: 0.662 Thread 0x0000000002b73000 Uncommon trap: reason=unstable_if action=reinterpret pc=0x0000000002f265e0 method=org.eclipse.swt.internal.image.PNGFileFormat.setPixelData([BLorg/eclipse/swt/graphics/ImageData;)V @ 386

Classes redefined (0 events):
No events

Internal exceptions (4 events):
Event: 0.055 Thread 0x0000000002b73000 Exception <a 'java/lang/NoSuchMethodError': Method sun.misc.Unsafe.defineClass(Ljava/lang/String;[BII)Ljava/lang/Class; name or signature does not match> (0x0000000780b07ca0) thrown at [C:\re\workspace\8-2-build-windows-amd64-cygwin\jdk8u162\10278\hotspot
Event: 0.055 Thread 0x0000000002b73000 Exception <a 'java/lang/NoSuchMethodError': Method sun.misc.Unsafe.prefetchRead(Ljava/lang/Object;J)V name or signature does not match> (0x0000000780b07f88) thrown at [C:\re\workspace\8-2-build-windows-amd64-cygwin\jdk8u162\10278\hotspot\src\share\vm\prim
Event: 0.460 Thread 0x0000000002b73000 Exception <a 'java/lang/NoSuchFieldError': method resolution failed> (0x0000000781547498) thrown at [C:\re\workspace\8-2-build-windows-amd64-cygwin\jdk8u162\10278\hotspot\src\share\vm\prims\methodHandles.cpp, line 1167]
Event: 0.461 Thread 0x0000000002b73000 Exception <a 'java/lang/NoSuchFieldError': method resolution failed> (0x0000000781554830) thrown at [C:\re\workspace\8-2-build-windows-amd64-cygwin\jdk8u162\10278\hotspot\src\share\vm\prims\methodHandles.cpp, line 1167]

Events (10 events):
Event: 0.726 loading class org/eclipse/swt/internal/image/JPEGDecoder$savable_state
Event: 0.726 loading class org/eclipse/swt/internal/image/JPEGDecoder$savable_state done
Event: 0.726 loading class org/eclipse/swt/internal/image/JPEGDecoder$bitread_perm_state
Event: 0.726 loading class org/eclipse/swt/internal/image/JPEGDecoder$bitread_perm_state done
Event: 0.726 loading class org/eclipse/swt/internal/image/JPEGDecoder$d_derived_tbl
Event: 0.726 loading class org/eclipse/swt/internal/image/JPEGDecoder$d_derived_tbl done
Event: 0.727 loading class org/eclipse/swt/internal/image/JPEGDecoder$jpeg_d_coef_controller
Event: 0.727 loading class org/eclipse/swt/internal/image/JPEGDecoder$jpeg_d_coef_controller done
Event: 0.727 loading class org/eclipse/swt/internal/image/JPEGDecoder$jpeg_d_main_controller
Event: 0.727 loading class org/eclipse/swt/internal/image/JPEGDecoder$jpeg_d_main_controller done


Dynamic libraries:
0x00007ff707600000 - 0x00007ff707637000 	D:\MyWork\jdk1.8.0_162\bin\javaw.exe
0x00007fffedad0000 - 0x00007fffedcb1000 	C:\WINDOWS\SYSTEM32\ntdll.dll
0x00007fffeb210000 - 0x00007fffeb2c1000 	C:\WINDOWS\System32\KERNEL32.DLL
0x00007fffeabd0000 - 0x00007fffeae43000 	C:\WINDOWS\System32\KERNELBASE.dll
0x00007fffebdd0000 - 0x00007fffebe71000 	C:\WINDOWS\System32\ADVAPI32.dll
0x00007fffeb730000 - 0x00007fffeb7ce000 	C:\WINDOWS\System32\msvcrt.dll
0x00007fffeafe0000 - 0x00007fffeb03b000 	C:\WINDOWS\System32\sechost.dll
0x00007fffed970000 - 0x00007fffeda94000 	C:\WINDOWS\System32\RPCRT4.dll
0x00007fffeb7d0000 - 0x00007fffeb960000 	C:\WINDOWS\System32\USER32.dll
0x00007fffea0b0000 - 0x00007fffea0d0000 	C:\WINDOWS\System32\win32u.dll
0x00007fffeafb0000 - 0x00007fffeafd8000 	C:\WINDOWS\System32\GDI32.dll
0x00007fffea130000 - 0x00007fffea2c1000 	C:\WINDOWS\System32\gdi32full.dll
0x00007fffe9e90000 - 0x00007fffe9f2f000 	C:\WINDOWS\System32\msvcp_win.dll
0x00007fffe9f30000 - 0x00007fffea028000 	C:\WINDOWS\System32\ucrtbase.dll
0x00007fffda840000 - 0x00007fffdaaa9000 	C:\WINDOWS\WinSxS\amd64_microsoft.windows.common-controls_6595b64144ccf1df_6.0.17134.1006_none_d3fbb8f77c940c3f\COMCTL32.dll
0x00007fffeb9e0000 - 0x00007fffebd01000 	C:\WINDOWS\System32\combase.dll
0x00007fffea030000 - 0x00007fffea0a9000 	C:\WINDOWS\System32\bcryptPrimitives.dll
0x00007fffeb060000 - 0x00007fffeb08d000 	C:\WINDOWS\System32\IMM32.DLL
0x0000000073d60000 - 0x0000000073e31000 	D:\MyWork\jdk1.8.0_162\jre\bin\msvcr100.dll
0x0000000073260000 - 0x0000000073b00000 	D:\MyWork\jdk1.8.0_162\jre\bin\server\jvm.dll
0x00007fffeb050000 - 0x00007fffeb058000 	C:\WINDOWS\System32\PSAPI.DLL
0x00007fffe89e0000 - 0x00007fffe89e9000 	C:\WINDOWS\SYSTEM32\WSOCK32.dll
0x00007fffe53e0000 - 0x00007fffe5403000 	C:\WINDOWS\SYSTEM32\WINMM.dll
0x00007fffeb960000 - 0x00007fffeb9cc000 	C:\WINDOWS\System32\WS2_32.dll
0x00007fffdb6b0000 - 0x00007fffdb6ba000 	C:\WINDOWS\SYSTEM32\VERSION.dll
0x00007fffe53b0000 - 0x00007fffe53da000 	C:\WINDOWS\SYSTEM32\WINMMBASE.dll
0x00007fffeaf00000 - 0x00007fffeaf49000 	C:\WINDOWS\System32\cfgmgr32.dll
0x0000000075170000 - 0x000000007517f000 	D:\MyWork\jdk1.8.0_162\jre\bin\verify.dll
0x0000000075140000 - 0x0000000075169000 	D:\MyWork\jdk1.8.0_162\jre\bin\java.dll
0x0000000074170000 - 0x0000000074186000 	D:\MyWork\jdk1.8.0_162\jre\bin\zip.dll
0x00007fffec520000 - 0x00007fffed962000 	C:\WINDOWS\System32\SHELL32.dll
0x00007fffec470000 - 0x00007fffec519000 	C:\WINDOWS\System32\shcore.dll
0x00007fffea4c0000 - 0x00007fffeabce000 	C:\WINDOWS\System32\windows.storage.dll
0x00007fffeb4f0000 - 0x00007fffeb541000 	C:\WINDOWS\System32\shlwapi.dll
0x00007fffe9e60000 - 0x00007fffe9e71000 	C:\WINDOWS\System32\kernel.appcore.dll
0x00007fffe9df0000 - 0x00007fffe9e0f000 	C:\WINDOWS\System32\profapi.dll
0x00007fffe9e10000 - 0x00007fffe9e5c000 	C:\WINDOWS\System32\powrprof.dll
0x00007fffe9e80000 - 0x00007fffe9e8a000 	C:\WINDOWS\System32\FLTLIB.DLL
0x000000001c410000 - 0x000000001c4b7000 	C:\Users\42194\.swt\lib\win32\x86_64\swt-win32-4763.dll
0x00007fffeb550000 - 0x00007fffeb6a1000 	C:\WINDOWS\System32\ole32.dll
0x00007fffeb2d0000 - 0x00007fffeb392000 	C:\WINDOWS\System32\OLEAUT32.dll
0x00007fffeb3a0000 - 0x00007fffeb48d000 	C:\WINDOWS\System32\comdlg32.dll
0x00007fffea2d0000 - 0x00007fffea4b2000 	C:\WINDOWS\System32\CRYPT32.dll
0x00007fffe1830000 - 0x00007fffe18b5000 	C:\WINDOWS\SYSTEM32\WINSPOOL.DRV
0x00007fffe5300000 - 0x00007fffe5319000 	C:\WINDOWS\SYSTEM32\USP10.dll
0x00007fffe9dd0000 - 0x00007fffe9de2000 	C:\WINDOWS\System32\MSASN1.dll
0x00007fffd7a30000 - 0x00007fffd7eed000 	C:\WINDOWS\SYSTEM32\WININET.dll
0x00007fffe7ac0000 - 0x00007fffe7c75000 	C:\WINDOWS\SYSTEM32\PROPSYS.dll
0x00007fffe9380000 - 0x00007fffe93b8000 	C:\WINDOWS\SYSTEM32\IPHLPAPI.DLL
0x00007fffe9910000 - 0x00007fffe9935000 	C:\WINDOWS\SYSTEM32\bcrypt.dll
0x00007fffe7850000 - 0x00007fffe78e8000 	C:\WINDOWS\system32\uxtheme.dll
0x00007fffeb090000 - 0x00007fffeb203000 	C:\WINDOWS\System32\MSCTF.dll
0x00007fffe83a0000 - 0x00007fffe83c9000 	C:\WINDOWS\system32\dwmapi.dll
0x00007fffe87a0000 - 0x00007fffe8969000 	C:\WINDOWS\SYSTEM32\dbghelp.dll

VM Arguments:
jvm_args: -Dfile.encoding=GBK 
java_command: com.home.swt.layout.SwtLayoutExap33
java_class_path (initial): D:\MyWork\jdk1.8.0_162\jre\lib\resources.jar;D:\MyWork\jdk1.8.0_162\jre\lib\rt.jar;D:\MyWork\jdk1.8.0_162\jre\lib\jsse.jar;D:\MyWork\jdk1.8.0_162\jre\lib\jce.jar;D:\MyWork\jdk1.8.0_162\jre\lib\charsets.jar;D:\MyWork\jdk1.8.0_162\jre\lib\jfr.jar;D:\MyWork\jdk1.8.0_162\jre\lib\ext\access-bridge-64.jar;D:\MyWork\jdk1.8.0_162\jre\lib\ext\cldrdata.jar;D:\MyWork\jdk1.8.0_162\jre\lib\ext\dnsns.jar;D:\MyWork\jdk1.8.0_162\jre\lib\ext\jaccess.jar;D:\MyWork\jdk1.8.0_162\jre\lib\ext\jfxrt.jar;D:\MyWork\jdk1.8.0_162\jre\lib\ext\localedata.jar;D:\MyWork\jdk1.8.0_162\jre\lib\ext\nashorn.jar;D:\MyWork\jdk1.8.0_162\jre\lib\ext\sunec.jar;D:\MyWork\jdk1.8.0_162\jre\lib\ext\sunjce_provider.jar;D:\MyWork\jdk1.8.0_162\jre\lib\ext\sunmscapi.jar;D:\MyWork\jdk1.8.0_162\jre\lib\ext\sunpkcs11.jar;D:\MyWork\jdk1.8.0_162\jre\lib\ext\zipfs.jar;D:\workspace\swt\iswt\bin;D:\MyWork\eclipse\plugins\org.eclipse.osgi_3.12.100.v20180210-1608.jar;D:\MyWork\eclipse\plugins\org.eclipse.core.commands_3.9.0.v20170530-1048.jar;D:\MyWork\eclipse\plugins\org.eclipse.equinox.common_3.9.0.v20170207-1454.jar;D:\MyWork\eclipse\plugins\org.eclipse.equinox.registry_3.7.0.v20170222-1344.jar;D:\MyWork\eclipse\plugins\org.eclipse.core.runtime_3.13.0.v20170207-1030.jar;D:\MyWork\eclipse\plugins\org.eclipse.text_3.6.100.v20170203-0814.jar;D:\MyWork\eclipse\plugins\org.eclipse.swt.win32.win32.x86_64_3.106.3.v20180214-0345.jar;D:\MyWork\eclipse\plugins\org.eclipse.jface_3.13.2.v20171022-1656.jar;D:\MyWork\eclipse\plugins\org.eclipse.jface.text_3.12.2.v20180112-1341.jar;D:\MyWork\eclipse\plugins\org.eclipse.ui.workbench_3.110.1.v20170704-1208.jar;D:\MyWork\eclipse\plugins\com.ibm.icu_58.2.0.v20170418-1837.jar;D:\MyWork\eclipse\plugins\org.eclipse.ui.forms_3.7.101.v20170815-1446.jar
Launcher Type: SUN_STANDARD

Environment Variables:
JAVA_HOME=D:\MyWork\jdk1.8.0_162
PATH=D:/MyWork/jdk1.8.0_162/bin/../jre/bin/server;D:/MyWork/jdk1.8.0_162/bin/../jre/bin;D:/MyWork/jdk1.8.0_162/bin/../jre/lib/amd64;D:\MyWork\jdk1.8.0_162\bin;D:\MyWork\jdk1.8.0_162\bin;D:\MyWork\apache-maven-3.2.2\bin;C:\ProgramData\Oracle\Java\javapath;D:\develop\Java\jdk1.7.0_72\bin;C:\Program Files\Common Files\Siemens\Automation\Simatic OAM\bin;C:\Windows\system32;C:\Windows;C:\Windows\System32\Wbem;C:\Windows\System32\WindowsPowerShell\v1.0\;C:\Program Files\Microsoft SQL Server\130\Tools\Binn\;C:\WINDOWS\system32;C:\WINDOWS;C:\WINDOWS\System32\Wbem;C:\WINDOWS\System32\WindowsPowerShell\v1.0\;C:\Program Files (x86)\Microsoft SQL Server\110\Tools\Binn\;C:\Program Files\Microsoft SQL Server\110\Tools\Binn\;C:\Program Files\Microsoft SQL Server\110\DTS\Binn\;C:\Program Files (x86)\Common Files\Autodesk Shared\;C:\Program Files\Java\jdk1.8.0_162\bin;C:\Program Files\MySQL\MySQL Server 5.5\bin;C:\WINDOWS\System32\OpenSSH\;D:\MyWork\Rational\common;D:\MyWork\Subversion\bin;D:\MyWork\TortoiseSVN\bin;D:\Program Files (x86)\IDM Computer Solutions\UltraEdit;D:\Program Files (x86)\Git\bin;D:\MyWork\nodejs\;D:\MyWork\nodejs\node_global\;C:\Users\42194\AppData\Local\Microsoft\WindowsApps;;D:\MyWork\VSCodeUser1310\Microsoft VS Code\bin;C:\Users\42194\AppData\Roaming\npm;D:\MyWork\eclipse;
USERNAME=42194
OS=Windows_NT
PROCESSOR_IDENTIFIER=Intel64 Family 6 Model 78 Stepping 3, GenuineIntel



---------------  S Y S T E M  ---------------

OS: Windows 10.0 , 64 bit Build 17134 (10.0.17134.753)

CPU:total 4 (initial active 4) (2 cores per cpu, 2 threads per core) family 6 model 78 stepping 3, cmov, cx8, fxsr, mmx, sse, sse2, sse3, ssse3, sse4.1, sse4.2, popcnt, avx, avx2, aes, clmul, erms, 3dnowpref, lzcnt, ht, tsc, tscinvbit, bmi1, bmi2, adx

Memory: 4k page, physical 12443808k(7101048k free), swap 25026720k(18707140k free)

vm_info: Java HotSpot(TM) 64-Bit Server VM (25.162-b12) for windows-amd64 JRE (1.8.0_162-b12), built on Dec 19 2017 20:00:03 by "java_re" with MS VC++ 10.0 (VS2010)

time: Thu Nov 07 10:25:51 2019
elapsed time: 0 seconds (0d 0h 0m 0s)

